\BOOKMARK [1][-]{section.1}{\376\377\000I\000n\000t\000r\000o\000d\000u\000c\000t\000i\000o\000n}{}% 1
\BOOKMARK [1][-]{section.2}{\376\377\000F\000o\000r\000m\000a\000l\000\040\000P\000r\000o\000b\000l\000e\000m\000\040\000D\000e\000f\000i\000n\000i\000t\000i\000o\000n}{}% 2
\BOOKMARK [2][-]{subsection.3}{\376\377\000E\000n\000v\000i\000r\000o\000n\000m\000e\000n\000t\000\040\000D\000e\000s\000c\000r\000i\000p\000t\000i\000o\000n}{section.2}% 3
\BOOKMARK [2][-]{subsection.4}{\376\377\000P\000O\000M\000D\000P\000\040\000F\000o\000r\000m\000u\000l\000a\000t\000i\000o\000n}{section.2}% 4
\BOOKMARK [2][-]{subsection.14}{\376\377\000H\000i\000s\000t\000o\000r\000y\000-\000D\000e\000p\000e\000n\000d\000e\000n\000t\000\040\000P\000o\000l\000i\000c\000y}{section.2}% 5
\BOOKMARK [2][-]{subsection.15}{\376\377\000T\000a\000s\000k\000\040\000P\000h\000a\000s\000e\000s\000\040\000a\000s\000\040\000L\000a\000t\000e\000n\000t\000\040\000M\000o\000d\000e\000s}{section.2}% 6
\BOOKMARK [1][-]{section.19}{\376\377\000L\000e\000g\000a\000l\000\040\000O\000b\000s\000e\000r\000v\000a\000t\000i\000o\000n\000\040\000S\000p\000a\000c\000e}{}% 7
\BOOKMARK [1][-]{section.20}{\376\377\000H\000i\000g\000h\000-\000T\000h\000r\000o\000u\000g\000h\000p\000u\000t\000\040\000E\000n\000v\000i\000r\000o\000n\000m\000e\000n\000t\000:\000\040\000o\000b\000e\000l\000i\000x\000\137\000t\000o\000r\000c\000h\000.\000p\000y}{}% 8
\BOOKMARK [1][-]{section.25}{\376\377\000R\000e\000w\000a\000r\000d\000\040\000D\000y\000n\000a\000m\000i\000c\000s\000\040\000a\000n\000d\000\040\000C\000r\000e\000d\000i\000t\000\040\000A\000s\000s\000i\000g\000n\000m\000e\000n\000t}{}% 9
\BOOKMARK [1][-]{section.26}{\376\377\000C\000h\000r\000o\000n\000o\000l\000o\000g\000i\000c\000a\000l\000\040\000D\000e\000v\000e\000l\000o\000p\000m\000e\000n\000t\000\040\000M\000e\000t\000h\000o\000d\000o\000l\000o\000g\000y}{}% 10
\BOOKMARK [2][-]{subsection.27}{\376\377\000F\000i\000r\000s\000t\000\040\000A\000t\000t\000e\000m\000p\000t\000:\000\040\000V\000a\000l\000u\000e\000-\000B\000a\000s\000e\000d\000\040\000D\000D\000Q\000N}{section.26}% 11
\BOOKMARK [2][-]{subsection.28}{\376\377\000S\000e\000c\000o\000n\000d\000\040\000A\000t\000t\000e\000m\000p\000t\000:\000\040\000S\000y\000m\000m\000e\000t\000r\000i\000c\000\040\000P\000P\000O}{section.26}% 12
\BOOKMARK [2][-]{subsection.34}{\376\377\000H\000a\000n\000d\000w\000r\000i\000t\000t\000e\000n\000\040\000C\000o\000n\000t\000r\000o\000l\000l\000e\000r\000s\000\040\000a\000s\000\040\000D\000i\000a\000g\000n\000o\000s\000t\000i\000c\000s}{section.26}% 13
\BOOKMARK [2][-]{subsection.35}{\376\377\000A\000s\000y\000m\000m\000e\000t\000r\000i\000c\000\040\000P\000P\000O\000\040\000w\000i\000t\000h\000\040\000P\000r\000i\000v\000i\000l\000e\000g\000e\000d\000\040\000C\000r\000i\000t\000i\000c}{section.26}% 14
\BOOKMARK [2][-]{subsection.36}{\376\377\000M\000e\000m\000o\000r\000y\000,\000\040\000R\000e\000l\000a\000t\000i\000v\000e\000\040\000P\000o\000s\000e\000,\000\040\000a\000n\000d\000\040\000R\000e\000c\000u\000r\000r\000e\000n\000t\000\040\000P\000o\000l\000i\000c\000i\000e\000s}{section.26}% 15
\BOOKMARK [2][-]{subsection.37}{\376\377\000S\000w\000i\000t\000c\000h\000i\000n\000g\000\040\000B\000e\000t\000w\000e\000e\000n\000\040\000W\000a\000l\000l\000\040\000a\000n\000d\000\040\000N\000o\000-\000W\000a\000l\000l\000\040\000P\000o\000l\000i\000c\000i\000e\000s}{section.26}% 16
\BOOKMARK [2][-]{subsection.38}{\376\377\000D\000i\000f\000f\000i\000c\000u\000l\000t\000y\000-\0003\000\040\000W\000a\000l\000l\000\040\000S\000e\000a\000r\000c\000h}{section.26}% 17
\BOOKMARK [2][-]{subsection.39}{\376\377\000M\000a\000c\000r\000o\000\040\000P\000o\000l\000i\000c\000i\000e\000s\000,\000\040\000D\000i\000s\000t\000i\000l\000l\000a\000t\000i\000o\000n\000,\000\040\000a\000n\000d\000\040\000L\000o\000c\000a\000l\000\040\000O\000v\000e\000r\000t\000r\000a\000i\000n\000i\000n\000g}{section.26}% 18
\BOOKMARK [2][-]{subsection.40}{\376\377\000E\000m\000p\000i\000r\000i\000c\000a\000l\000\040\000C\000o\000n\000c\000l\000u\000s\000i\000o\000n\000\040\000A\000f\000t\000e\000r\000\040\000t\000h\000e\000\040\000F\000u\000l\000l\000\040\000S\000e\000a\000r\000c\000h}{section.26}% 19
\BOOKMARK [1][-]{section.41}{\376\377\000O\000b\000s\000e\000r\000v\000a\000t\000i\000o\000n\000\040\000E\000n\000g\000i\000n\000e\000e\000r\000i\000n\000g}{}% 20
\BOOKMARK [2][-]{subsection.42}{\376\377\000N\000o\000-\000W\000a\000l\000l\000\040\000P\000P\000O\000\040\000E\000n\000c\000o\000d\000i\000n\000g}{section.41}% 21
\BOOKMARK [2][-]{subsection.43}{\376\377\000W\000a\000l\000l\000\040\000A\000c\000t\000o\000r\000\040\000M\000e\000m\000o\000r\000y\000\040\000F\000e\000a\000t\000u\000r\000e\000s}{section.41}% 22
\BOOKMARK [1][-]{section.44}{\376\377\000L\000e\000a\000r\000n\000i\000n\000g\000\040\000M\000e\000t\000h\000o\000d\000:\000\040\000W\000h\000y\000\040\000P\000P\000O\000\040\000a\000n\000d\000\040\000W\000h\000y\000\040\000A\000s\000y\000m\000m\000e\000t\000r\000i\000c\000\040\000T\000r\000a\000i\000n\000i\000n\000g}{}% 23
\BOOKMARK [2][-]{subsection.45}{\376\377\000W\000h\000y\000\040\000a\000\040\000P\000o\000l\000i\000c\000y\000-\000G\000r\000a\000d\000i\000e\000n\000t\000\040\000M\000e\000t\000h\000o\000d\000\040\000W\000a\000s\000\040\000U\000s\000e\000d}{section.44}% 24
\BOOKMARK [2][-]{subsection.46}{\376\377\000A\000s\000y\000m\000m\000e\000t\000r\000i\000c\000\040\000P\000P\000O}{section.44}% 25
\BOOKMARK [2][-]{subsection.47}{\376\377\000O\000b\000j\000e\000c\000t\000i\000v\000e\000\040\000F\000u\000n\000c\000t\000i\000o\000n\000s}{section.44}% 26
\BOOKMARK [2][-]{subsection.48}{\376\377\000B\000i\000a\000s\000-\000V\000a\000r\000i\000a\000n\000c\000e\000\040\000I\000n\000t\000e\000r\000p\000r\000e\000t\000a\000t\000i\000o\000n}{section.44}% 27
\BOOKMARK [1][-]{section.49}{\376\377\000F\000i\000n\000a\000l\000\040\000M\000o\000d\000e\000l\000\040\000A\000r\000c\000h\000i\000t\000e\000c\000t\000u\000r\000e}{}% 28
\BOOKMARK [2][-]{subsection.50}{\376\377\000W\000a\000l\000l\000\040\000B\000r\000a\000n\000c\000h}{section.49}% 29
\BOOKMARK [2][-]{subsection.51}{\376\377\000N\000o\000-\000W\000a\000l\000l\000\040\000B\000r\000a\000n\000c\000h}{section.49}% 30
\BOOKMARK [1][-]{section.52}{\376\377\000M\000o\000d\000e\000\040\000S\000w\000i\000t\000c\000h\000i\000n\000g\000\040\000a\000n\000d\000\040\000F\000i\000n\000a\000l\000\040\000I\000n\000f\000e\000r\000e\000n\000c\000e\000\040\000P\000o\000l\000i\000c\000y}{}% 31
\BOOKMARK [2][-]{subsection.73}{\376\377\000L\000a\000t\000e\000\040\000M\000a\000c\000r\000o\000-\000A\000s\000s\000i\000s\000t\000e\000d\000\040\000a\000n\000d\000\040\000D\000i\000s\000t\000i\000l\000l\000e\000d\000\040\000V\000a\000r\000i\000a\000n\000t\000s}{section.52}% 32
\BOOKMARK [1][-]{section.78}{\376\377\000E\000x\000p\000e\000r\000i\000m\000e\000n\000t\000a\000l\000\040\000P\000r\000o\000t\000o\000c\000o\000l}{}% 33
\BOOKMARK [1][-]{section.79}{\376\377\000F\000i\000n\000a\000l\000\040\000E\000v\000a\000l\000u\000a\000t\000i\000o\000n\000\040\000a\000n\000d\000\040\000C\000a\000n\000d\000i\000d\000a\000t\000e\000\040\000S\000e\000l\000e\000c\000t\000i\000o\000n}{}% 34
\BOOKMARK [1][-]{section.86}{\376\377\000D\000i\000s\000c\000u\000s\000s\000i\000o\000n\000\040\000a\000n\000d\000\040\000I\000n\000t\000e\000r\000p\000r\000e\000t\000a\000t\000i\000o\000n}{}% 35
\BOOKMARK [2][-]{subsection.87}{\376\377\000W\000h\000y\000\040\000t\000h\000e\000\040\000F\000i\000n\000a\000l\000\040\000A\000g\000e\000n\000t\000\040\000W\000o\000r\000k\000e\000d\000\040\000B\000e\000t\000t\000e\000r}{section.86}% 36
\BOOKMARK [2][-]{subsection.91}{\376\377\000W\000h\000y\000\040\000t\000h\000e\000\040\000W\000a\000l\000l\000\040\000S\000e\000t\000t\000i\000n\000g\000\040\000R\000e\000m\000a\000i\000n\000e\000d\000\040\000H\000a\000r\000d}{section.86}% 37
\BOOKMARK [2][-]{subsection.92}{\376\377\000M\000a\000i\000n\000\040\000F\000a\000i\000l\000u\000r\000e\000\040\000M\000o\000d\000e\000s\000\040\000S\000e\000e\000n\000\040\000D\000u\000r\000i\000n\000g\000\040\000D\000e\000v\000e\000l\000o\000p\000m\000e\000n\000t}{section.86}% 38
\BOOKMARK [1][-]{section.93}{\376\377\000R\000e\000p\000r\000o\000d\000u\000c\000i\000b\000i\000l\000i\000t\000y}{}% 39
\BOOKMARK [1][-]{section.167}{\376\377\000L\000e\000g\000a\000l\000i\000t\000y\000\040\000a\000n\000d\000\040\000D\000e\000p\000l\000o\000y\000m\000e\000n\000t}{}% 40
\BOOKMARK [1][-]{section.168}{\376\377\000C\000o\000n\000c\000l\000u\000s\000i\000o\000n}{}% 41
